SF:lib/src/util/mock_backend/endpoint_not_mocked_exception.dart
DA:2,0
DA:6,0
DA:7,0
LF:3
LH:0
end_of_record
SF:lib/src/util/mock_backend/mocked_request_handler.dart
DA:5,1
DA:13,0
DA:14,0
DA:17,1
DA:22,2
LF:5
LH:3
end_of_record
SF:lib/src/util/mock_backend/mocked_requests_manager.dart
DA:6,0
DA:10,0
DA:11,0
DA:14,0
DA:15,0
LF:5
LH:0
end_of_record
SF:lib/src/util/mocked_backend_interceptor.dart
DA:9,1
DA:13,1
DA:15,2
DA:17,0
DA:19,1
DA:20,1
DA:21,0
DA:22,0
DA:24,0
DA:27,1
DA:29,1
DA:30,1
DA:32,1
DA:34,1
DA:35,1
LF:15
LH:11
end_of_record
SF:lib/src/util/test_app.dart
DA:6,0
DA:12,0
DA:13,0
DA:14,0
DA:15,0
DA:16,0
DA:20,0
DA:22,0
DA:23,0
DA:25,0
LF:10
LH:0
end_of_record
SF:lib/src/util/mock_backend/scenario.dart
DA:4,0
LF:1
LH:0
end_of_record
SF:lib/src/steps/the_be_is_mocked_with_scenario.dart
DA:7,0
DA:11,0
LF:2
LH:0
end_of_record
SF:lib/src/di/test_initializer.dart
DA:8,0
DA:11,0
DA:12,0
DA:13,0
DA:15,0
DA:16,0
LF:6
LH:0
end_of_record
SF:lib/src/util/mock_backend/mocked_error_response.dart
DA:2,1
DA:12,0
DA:13,0
LF:3
LH:1
end_of_record
